Collecting slither-analyzer
  Downloading slither_analyzer-0.11.5-py3-none-any.whl.metadata (35 kB)
Collecting crytic-compile<0.4.0,>=0.3.9 (from slither-analyzer)
  Downloading crytic_compile-0.3.11-py3-none-any.whl.metadata (3.8 kB)
Collecting eth-abi>=5.0.1 (from slither-analyzer)
  Downloading eth_abi-5.2.0-py3-none-any.whl.metadata (3.8 kB)
Collecting eth-typing>=5.0.0 (from slither-analyzer)
  Downloading eth_typing-6.0.0-py3-none-any.whl.metadata (3.1 kB)
Collecting eth-utils>=5.0.0 (from slither-analyzer)
  Downloading eth_utils-6.0.0-py3-none-any.whl.metadata (5.6 kB)
Requirement already satisfied: packaging in /root/.pyenv/versions/3.12.13/lib/python3.12/site-packages (from slither-analyzer) (26.2)
Collecting prettytable>=3.10.2 (from slither-analyzer)
  Downloading prettytable-3.17.0-py3-none-any.whl.metadata (34 kB)
Collecting pycryptodome>=3.4.6 (from slither-analyzer)
  Downloading pycryptodome-3.23.0-cp37-abi3-manylinux_2_17_x86_64.manylinux2014_x86_64.whl.metadata (3.4 kB)
Collecting web3<8,>=7.10 (from slither-analyzer)
  Downloading web3-7.16.0-py3-none-any.whl.metadata (5.6 kB)
Collecting cbor2 (from crytic-compile<0.4.0,>=0.3.9->slither-analyzer)
  Downloading cbor2-6.1.2-cp312-cp312-manylinux_2_28_x86_64.whl.metadata (5.5 kB)
Collecting solc-select>=v1.0.4 (from crytic-compile<0.4.0,>=0.3.9->slither-analyzer)
  Downloading solc_select-1.2.0-py3-none-any.whl.metadata (47 kB)
Collecting eth-account>=0.13.6 (from web3<8,>=7.10->slither-analyzer)
  Downloading eth_account-0.13.7-py3-none-any.whl.metadata (3.7 kB)
Collecting eth-hash>=0.5.1 (from eth-hash[pycryptodome]>=0.5.1->web3<8,>=7.10->slither-analyzer)
  Downloading eth_hash-0.8.0-py3-none-any.whl.metadata (4.1 kB)
Collecting hexbytes>=1.2.0 (from web3<8,>=7.10->slither-analyzer)
  Downloading hexbytes-1.3.1-py3-none-any.whl.metadata (3.3 kB)
Collecting aiohttp>=3.7.4.post0 (from web3<8,>=7.10->slither-analyzer)
  Downloading aiohttp-3.14.1-cp312-cp312-manylinux2014_x86_64.manylinux_2_17_x86_64.manylinux_2_28_x86_64.whl.metadata (8.3 kB)
Collecting pydantic>=2.4.0 (from web3<8,>=7.10->slither-analyzer)
  Downloading pydantic-2.13.4-py3-none-any.whl.metadata (109 kB)
Collecting requests>=2.23.0 (from web3<8,>=7.10->slither-analyzer)
  Downloading requests-2.34.2-py3-none-any.whl.metadata (4.8 kB)
Requirement already satisfied: typing-extensions>=4.0.1 in /root/.pyenv/versions/3.12.13/lib/python3.12/site-packages (from web3<8,>=7.10->slither-analyzer) (4.15.0)
Collecting types-requests>=2.0.0 (from web3<8,>=7.10->slither-analyzer)
  Downloading types_requests-2.33.0.20260518-py3-none-any.whl.metadata (2.2 kB)
Collecting websockets<16.0.0,>=10.0.0 (from web3<8,>=7.10->slither-analyzer)
  Downloading websockets-15.0.1-cp312-cp312-manylinux_2_5_x86_64.manylinux1_x86_64.manylinux_2_17_x86_64.manylinux2014_x86_64.whl.metadata (6.8 kB)
Collecting pyunormalize>=15.0.0 (from web3<8,>=7.10->slither-analyzer)
  Downloading pyunormalize-17.0.0-py3-none-any.whl.metadata (5.7 kB)
Collecting aiohappyeyeballs>=2.5.0 (from aiohttp>=3.7.4.post0->web3<8,>=7.10->slither-analyzer)
  Downloading aiohappyeyeballs-2.6.2-py3-none-any.whl.metadata (5.9 kB)
Collecting aiosignal>=1.4.0 (from aiohttp>=3.7.4.post0->web3<8,>=7.10->slither-analyzer)
  Downloading aiosignal-1.4.0-py3-none-any.whl.metadata (3.7 kB)
Collecting attrs>=17.3.0 (from aiohttp>=3.7.4.post0->web3<8,>=7.10->slither-analyzer)
  Downloading attrs-26.1.0-py3-none-any.whl.metadata (8.8 kB)
Collecting frozenlist>=1.1.1 (from aiohttp>=3.7.4.post0->web3<8,>=7.10->slither-analyzer)
  Downloading frozenlist-1.8.0-cp312-cp312-manylinux1_x86_64.manylinux_2_28_x86_64.manylinux_2_5_x86_64.whl.metadata (20 kB)
Collecting multidict<7.0,>=4.5 (from aiohttp>=3.7.4.post0->web3<8,>=7.10->slither-analyzer)
  Downloading multidict-6.7.1-cp312-cp312-manylinux2014_x86_64.manylinux_2_17_x86_64.manylinux_2_28_x86_64.whl.metadata (5.3 kB)
Collecting propcache>=0.2.0 (from aiohttp>=3.7.4.post0->web3<8,>=7.10->slither-analyzer)
  Downloading propcache-0.5.2-cp312-cp312-manylinux2014_x86_64.manylinux_2_17_x86_64.manylinux_2_28_x86_64.whl.metadata (16 kB)
Collecting yarl<2.0,>=1.17.0 (from aiohttp>=3.7.4.post0->web3<8,>=7.10->slither-analyzer)
  Downloading yarl-1.24.2-cp312-cp312-manylinux2014_x86_64.manylinux_2_17_x86_64.manylinux_2_28_x86_64.whl.metadata (94 kB)
Collecting idna>=2.0 (from yarl<2.0,>=1.17.0->aiohttp>=3.7.4.post0->web3<8,>=7.10->slither-analyzer)
  Downloading idna-3.18-py3-none-any.whl.metadata (6.1 kB)
Collecting parsimonious<0.11.0,>=0.10.0 (from eth-abi>=5.0.1->slither-analyzer)
  Downloading parsimonious-0.10.0-py3-none-any.whl.metadata (25 kB)
Collecting regex>=2022.3.15 (from parsimonious<0.11.0,>=0.10.0->eth-abi>=5.0.1->slither-analyzer)
  Downloading regex-2026.5.9-cp312-cp312-manylinux2014_x86_64.manylinux_2_17_x86_64.manylinux_2_28_x86_64.whl.metadata (40 kB)
Collecting bitarray>=2.4.0 (from eth-account>=0.13.6->web3<8,>=7.10->slither-analyzer)
  Downloading bitarray-3.8.1-cp312-cp312-manylinux2014_x86_64.manylinux_2_17_x86_64.manylinux_2_28_x86_64.whl.metadata (34 kB)
Collecting eth-abi>=5.0.1 (from slither-analyzer)
  Downloading eth_abi-6.0.0b1-py3-none-any.whl.metadata (3.8 kB)
Collecting eth-keyfile<0.9.0,>=0.7.0 (from eth-account>=0.13.6->web3<8,>=7.10->slither-analyzer)
  Downloading eth_keyfile-0.8.1-py3-none-any.whl.metadata (8.5 kB)
Collecting eth-keys>=0.4.0 (from eth-account>=0.13.6->web3<8,>=7.10->slither-analyzer)
  Downloading eth_keys-0.7.0-py3-none-any.whl.metadata (13 kB)
Collecting eth-rlp>=2.1.0 (from eth-account>=0.13.6->web3<8,>=7.10->slither-analyzer)
  Downloading eth_rlp-2.2.0-py3-none-any.whl.metadata (3.3 kB)
Collecting rlp>=1.0.0 (from eth-account>=0.13.6->web3<8,>=7.10->slither-analyzer)
  Downloading rlp-4.1.0-py3-none-any.whl.metadata (3.2 kB)
Collecting ckzg>=2.0.0 (from eth-account>=0.13.6->web3<8,>=7.10->slither-analyzer)
  Downloading ckzg-2.1.7-cp312-cp312-manylinux2014_x86_64.manylinux_2_17_x86_64.manylinux_2_28_x86_64.whl.metadata (887 bytes)
Collecting cytoolz>=0.10.1 (from eth-utils>=5.0.0->slither-analyzer)
  Downloading cytoolz-1.1.0-cp312-cp312-manylinux2014_x86_64.manylinux_2_17_x86_64.manylinux_2_28_x86_64.whl.metadata (5.2 kB)
Collecting annotated-types>=0.6.0 (from pydantic>=2.4.0->web3<8,>=7.10->slither-analyzer)
  Downloading annotated_types-0.7.0-py3-none-any.whl.metadata (15 kB)
Collecting pydantic-core==2.46.4 (from pydantic>=2.4.0->web3<8,>=7.10->slither-analyzer)
  Downloading pydantic_core-2.46.4-cp312-cp312-manylinux_2_17_x86_64.manylinux2014_x86_64.whl.metadata (6.6 kB)
Collecting typing-inspection>=0.4.2 (from pydantic>=2.4.0->web3<8,>=7.10->slither-analyzer)
  Downloading typing_inspection-0.4.2-py3-none-any.whl.metadata (2.6 kB)
Collecting toolz>=0.8.0 (from cytoolz>=0.10.1->eth-utils>=5.0.0->slither-analyzer)
  Downloading toolz-1.1.0-py3-none-any.whl.metadata (5.1 kB)
Collecting wcwidth (from prettytable>=3.10.2->slither-analyzer)
  Downloading wcwidth-0.8.1-py3-none-any.whl.metadata (43 kB)
Collecting charset_normalizer<4,>=2 (from requests>=2.23.0->web3<8,>=7.10->slither-analyzer)
  Downloading charset_normalizer-3.4.7-cp312-cp312-manylinux2014_x86_64.manylinux_2_17_x86_64.manylinux_2_28_x86_64.whl.metadata (40 kB)
Collecting urllib3<3,>=1.26 (from requests>=2.23.0->web3<8,>=7.10->slither-analyzer)
  Downloading urllib3-2.7.0-py3-none-any.whl.metadata (6.9 kB)
Collecting certifi>=2023.5.7 (from requests>=2.23.0->web3<8,>=7.10->slither-analyzer)
  Downloading certifi-2026.5.20-py3-none-any.whl.metadata (2.5 kB)
Downloading slither_analyzer-0.11.5-py3-none-any.whl (752 kB)
   ━━━━━━━━━━━━━━━━━━━━━━━━━━━━━━━━━━━━━━━━ 752.1/752.1 kB 20.5 MB/s  0:00:00
Downloading crytic_compile-0.3.11-py3-none-any.whl (99 kB)
Downloading web3-7.16.0-py3-none-any.whl (1.4 MB)
   ━━━━━━━━━━━━━━━━━━━━━━━━━━━━━━━━━━━━━━━━ 1.4/1.4 MB 40.8 MB/s  0:00:00
Downloading websockets-15.0.1-cp312-cp312-manylinux_2_5_x86_64.manylinux1_x86_64.manylinux_2_17_x86_64.manylinux2014_x86_64.whl (182 kB)
Downloading aiohttp-3.14.1-cp312-cp312-manylinux2014_x86_64.manylinux_2_17_x86_64.manylinux_2_28_x86_64.whl (1.8 MB)
   ━━━━━━━━━━━━━━━━━━━━━━━━━━━━━━━━━━━━━━━━ 1.8/1.8 MB 36.8 MB/s  0:00:00
Downloading multidict-6.7.1-cp312-cp312-manylinux2014_x86_64.manylinux_2_17_x86_64.manylinux_2_28_x86_64.whl (256 kB)
Downloading yarl-1.24.2-cp312-cp312-manylinux2014_x86_64.manylinux_2_17_x86_64.manylinux_2_28_x86_64.whl (105 kB)
Downloading aiohappyeyeballs-2.6.2-py3-none-any.whl (15 kB)
Downloading aiosignal-1.4.0-py3-none-any.whl (7.5 kB)
Downloading attrs-26.1.0-py3-none-any.whl (67 kB)
Downloading eth_abi-5.2.0-py3-none-any.whl (28 kB)
Downloading parsimonious-0.10.0-py3-none-any.whl (48 kB)
Downloading eth_account-0.13.7-py3-none-any.whl (587 kB)
   ━━━━━━━━━━━━━━━━━━━━━━━━━━━━━━━━━━━━━━━━ 587.5/587.5 kB 37.3 MB/s  0:00:00
Downloading eth_keyfile-0.8.1-py3-none-any.whl (7.5 kB)
Downloading pycryptodome-3.23.0-cp37-abi3-manylinux_2_17_x86_64.manylinux2014_x86_64.whl (2.3 MB)
   ━━━━━━━━━━━━━━━━━━━━━━━━━━━━━━━━━━━━━━━━ 2.3/2.3 MB 30.5 MB/s  0:00:00
Downloading bitarray-3.8.1-cp312-cp312-manylinux2014_x86_64.manylinux_2_17_x86_64.manylinux_2_28_x86_64.whl (343 kB)
Downloading ckzg-2.1.7-cp312-cp312-manylinux2014_x86_64.manylinux_2_17_x86_64.manylinux_2_28_x86_64.whl (176 kB)
Downloading eth_hash-0.8.0-py3-none-any.whl (8.0 kB)
Downloading eth_keys-0.7.0-py3-none-any.whl (20 kB)
Downloading eth_rlp-2.2.0-py3-none-any.whl (4.4 kB)
Downloading eth_typing-6.0.0-py3-none-any.whl (19 kB)
Downloading eth_utils-6.0.0-py3-none-any.whl (102 kB)
Downloading pydantic-2.13.4-py3-none-any.whl (472 kB)
Downloading pydantic_core-2.46.4-cp312-cp312-manylinux_2_17_x86_64.manylinux2014_x86_64.whl (2.1 MB)
   ━━━━━━━━━━━━━━━━━━━━━━━━━━━━━━━━━━━━━━━━ 2.1/2.1 MB 39.1 MB/s  0:00:00
Downloading annotated_types-0.7.0-py3-none-any.whl (13 kB)
Downloading cytoolz-1.1.0-cp312-cp312-manylinux2014_x86_64.manylinux_2_17_x86_64.manylinux_2_28_x86_64.whl (2.9 MB)
   ━━━━━━━━━━━━━━━━━━━━━━━━━━━━━━━━━━━━━━━━ 2.9/2.9 MB 33.7 MB/s  0:00:00
Downloading frozenlist-1.8.0-cp312-cp312-manylinux1_x86_64.manylinux_2_28_x86_64.manylinux_2_5_x86_64.whl (242 kB)
Downloading hexbytes-1.3.1-py3-none-any.whl (5.1 kB)
Downloading idna-3.18-py3-none-any.whl (65 kB)
Downloading prettytable-3.17.0-py3-none-any.whl (34 kB)
Downloading propcache-0.5.2-cp312-cp312-manylinux2014_x86_64.manylinux_2_17_x86_64.manylinux_2_28_x86_64.whl (61 kB)
Downloading pyunormalize-17.0.0-py3-none-any.whl (51 kB)
Downloading regex-2026.5.9-cp312-cp312-manylinux2014_x86_64.manylinux_2_17_x86_64.manylinux_2_28_x86_64.whl (801 kB)
   ━━━━━━━━━━━━━━━━━━━━━━━━━━━━━━━━━━━━━━━━ 801.2/801.2 kB 54.7 MB/s  0:00:00
Downloading requests-2.34.2-py3-none-any.whl (73 kB)
Downloading charset_normalizer-3.4.7-cp312-cp312-manylinux2014_x86_64.manylinux_2_17_x86_64.manylinux_2_28_x86_64.whl (216 kB)
Downloading urllib3-2.7.0-py3-none-any.whl (131 kB)
Downloading certifi-2026.5.20-py3-none-any.whl (134 kB)
Downloading rlp-4.1.0-py3-none-any.whl (19 kB)
Downloading solc_select-1.2.0-py3-none-any.whl (36 kB)
Downloading toolz-1.1.0-py3-none-any.whl (58 kB)
Downloading types_requests-2.33.0.20260518-py3-none-any.whl (21 kB)
Downloading typing_inspection-0.4.2-py3-none-any.whl (14 kB)
Downloading cbor2-6.1.2-cp312-cp312-manylinux_2_28_x86_64.whl (467 kB)
Downloading wcwidth-0.8.1-py3-none-any.whl (323 kB)
Installing collected packages: ckzg, bitarray, websockets, wcwidth, urllib3, typing-inspection, toolz, regex, pyunormalize, pydantic-core, pycryptodome, propcache, multidict, idna, hexbytes, frozenlist, eth-typing, eth-hash, charset_normalizer, certifi, cbor2, attrs, annotated-types, aiohappyeyeballs, yarl, types-requests, requests, pydantic, prettytable, parsimonious, cytoolz, aiosignal, solc-select, eth-utils, aiohttp, rlp, eth-keys, eth-abi, crytic-compile, eth-rlp, eth-keyfile, eth-account, web3, slither-analyzer

Successfully installed aiohappyeyeballs-2.6.2 aiohttp-3.14.1 aiosignal-1.4.0 annotated-types-0.7.0 attrs-26.1.0 bitarray-3.8.1 cbor2-6.1.2 certifi-2026.5.20 charset_normalizer-3.4.7 ckzg-2.1.7 crytic-compile-0.3.11 cytoolz-1.1.0 eth-abi-5.2.0 eth-account-0.13.7 eth-hash-0.8.0 eth-keyfile-0.8.1 eth-keys-0.7.0 eth-rlp-2.2.0 eth-typing-6.0.0 eth-utils-6.0.0 frozenlist-1.8.0 hexbytes-1.3.1 idna-3.18 multidict-6.7.1 parsimonious-0.10.0 prettytable-3.17.0 propcache-0.5.2 pycryptodome-3.23.0 pydantic-2.13.4 pydantic-core-2.46.4 pyunormalize-17.0.0 regex-2026.5.9 requests-2.34.2 rlp-4.1.0 slither-analyzer-0.11.5 solc-select-1.2.0 toolz-1.1.0 types-requests-2.33.0.20260518 typing-inspection-0.4.2 urllib3-2.7.0 wcwidth-0.8.1 web3-7.16.0 websockets-15.0.1 yarl-1.24.2
WARNING: Running pip as the 'root' user can result in broken permissions and conflicting behaviour with the system package manager, possibly rendering your system unusable. It is recommended to use a virtual environment instead: https://pip.pypa.io/warnings/venv. Use the --root-user-action option if you know what you are doing and want to suppress this warning.

[notice] A new release of pip is available: 26.1 -> 26.1.2
[notice] To update, run: pip install --upgrade pip
